0 info it worked if it ends with ok
1 verbose cli [
1 verbose cli   'C:\\Program Files\\nodejs\\node.exe',
1 verbose cli   'C:\\Users\\Edwin Henriquez\\AppData\\Roaming\\npm\\node_modules\\npm\\bin\\npm-cli.js',
1 verbose cli   'run',
1 verbose cli   'development'
1 verbose cli ]
2 info using npm@6.14.11
3 info using node@v14.15.1
4 verbose run-script [ 'predevelopment', 'development', 'postdevelopment' ]
5 info lifecycle @~predevelopment: @
6 info lifecycle @~development: @
7 verbose lifecycle @~development: unsafe-perm in lifecycle true
8 verbose lifecycle @~development: PATH: C:\Users\Edwin Henriquez\AppData\Roaming\npm\node_modules\npm\node_modules\npm-lifecycle\node-gyp-bin;C:\Users\Edwin Henriquez\Desktop\master-app\node_modules\.bin;C:\Users\Edwin Henriquez\AppData\Roaming\npm\node_modules\npm\node_modules\npm-lifecycle\node-gyp-bin;C:\Users\Edwin Henriquez\Desktop\master-app\node_modules\.bin;C:\Program Files\AdoptOpenJDK\jdk-8.0.275.1-hotspot\bin;C:\ProgramData\Oracle\Java\javapath;C:\Program Files (x86)\Embarcadero\Studio\20.0\bin;C:\Users\Public\Documents\Embarcadero\Studio\20.0\Bpl;C:\Program Files (x86)\Embarcadero\Studio\20.0\bin64;C:\Users\Public\Documents\Embarcadero\Studio\20.0\Bpl\Win64;C:\Python39\Scripts\;C:\Python39\;C:\WINDOWS\system32;C:\WINDOWS;C:\WINDOWS\System32\Wbem;C:\WINDOWS\System32\WindowsPowerShell\v1.0\;C:\ProgramData\chocolatey\bin;C:\xampp\php;C:\ProgramData\ComposerSetup\bin;C:\WINDOWS\System32\OpenSSH\;C:\Users\Public\Documents\Embarcadero\Studio\20.0\CatalogRepository\AndroidSDK-2525_20.0.36039.7899\platform-tools;C:\Program Files\AdoptOpenJDK\jdk-8.0.275.1-hotspot\\bin;C:\Program Files\AdoptOpenJDK\jdk-8.0.275.1-hotspot\\jre\bin;C:\Android\AndroidSDK\tools;C:\Android\AndroidSDK\tools\bin;C:\Android\AndroidSDK\platform-tools;C:\Program Files\Git\cmd;C:\Program Files\nodejs\;C:\Android\AndroidSDK\platform-tools;C:\Users\Edwin Henriquez\.windows-build-tools\python27\;C:\Users\Edwin Henriquez\.windows-build-tools\python27\;C:\Users\Edwin Henriquez\AppData\Roaming\Composer\vendor\bin;C:\Users\Edwin Henriquez\AppData\Local\Microsoft\WindowsApps;C:\Program Files\nodejs\sqlite-tools-win32-x86-3340000;C:\Program Files\nodejs\SQLiteStudio;C:\Users\Edwin Henriquez\AppData\Roaming\npm;C:\Users\Edwin Henriquez\AppData\Local\Programs\Microsoft VS Code\bin;C:\Program Files\heroku\bin;C:\xampp\php;
9 verbose lifecycle @~development: CWD: C:\Users\Edwin Henriquez\Desktop\master-app
10 silly lifecycle @~development: Args: [ '/d /s /c', 'mix' ]
11 silly lifecycle @~development: Returned: code: 1  signal: null
12 info lifecycle @~development: Failed to exec development script
13 verbose stack Error: @ development: `mix`
13 verbose stack Exit status 1
13 verbose stack     at EventEmitter.<anonymous> (C:\Users\Edwin Henriquez\AppData\Roaming\npm\node_modules\npm\node_modules\npm-lifecycle\index.js:332:16)
13 verbose stack     at EventEmitter.emit (events.js:315:20)
13 verbose stack     at ChildProcess.<anonymous> (C:\Users\Edwin Henriquez\AppData\Roaming\npm\node_modules\npm\node_modules\npm-lifecycle\lib\spawn.js:55:14)
13 verbose stack     at ChildProcess.emit (events.js:315:20)
13 verbose stack     at maybeClose (internal/child_process.js:1048:16)
13 verbose stack     at Process.ChildProcess._handle.onexit (internal/child_process.js:288:5)
14 verbose pkgid @
15 verbose cwd C:\Users\Edwin Henriquez\Desktop\master-app
16 verbose Windows_NT 10.0.18363
17 verbose argv "C:\\Program Files\\nodejs\\node.exe" "C:\\Users\\Edwin Henriquez\\AppData\\Roaming\\npm\\node_modules\\npm\\bin\\npm-cli.js" "run" "development"
18 verbose node v14.15.1
19 verbose npm  v6.14.11
20 error code ELIFECYCLE
21 error errno 1
22 error @ development: `mix`
22 error Exit status 1
23 error Failed at the @ development script.
23 error This is probably not a problem with npm. There is likely additional logging output above.
24 verbose exit [ 1, true ]
